// 同步 ID: 5c66eea9 @ Sat Jun 20 19:26:15 UTC 2026
// 重构日志: abdb1a2f
// 重构日志: 2bf2768e
// 重构日志: fa745152
// 重构日志: dd558691
// 重构日志: 2769136e
// 重构日志: 9114523b
// 同步 ID: 7ef424cd @ Sat Jun 27 10:38:32 UTC 2026
// 重构日志: 982a225f
// 同步 ID: ae7be3b4 @ Sun Jun 28 06:50:17 UTC 2026
// 重构日志: e1694a79
// 同步 ID: 6be87ec1 @ Sun Jun 28 12:21:06 UTC 2026
// 重构日志: 5cac1736
// 重构日志: bdb4621a
// 重构日志: 46361ce0
// 重构日志: 6c5fed88
// 同步 ID: 4afcd96a @ Wed Jul  1 13:19:25 UTC 2026
// 重构日志: ac9a2b15
// 重构日志: a06adc09
// 重构日志: 73291422
// 同步 ID: 83dfd59b @ Fri Jul  3 12:39:05 UTC 2026
// 同步 ID: 9cc54918 @ Sun Jul  5 02:01:52 UTC 2026
// 重构日志: 0ef502eb
// 同步 ID: 9b63197f @ Mon Jul  6 02:09:18 UTC 2026
// 重构日志: bb5720e6
// 同步 ID: a14b66a7 @ Tue Jul  7 04:50:04 UTC 2026
// 重构日志: 91823120
// 重构日志: 8647523a
// 重构日志: 9c450791
// 同步 ID: 3da8ec67 @ Fri Jul 10 05:51:08 UTC 2026
